<?xml version="1.0" encoding="UTF-8"?>
<!-- Generated by org.testng.reporters.JUnitXMLReporter -->
<testsuite ignored="4" hostname="rganjare" failures="0" tests="5" name="Test" time="61.423" errors="0" timestamp="2025-04-09T20:32:08 IST">
  <testcase classname="com.companyname.projectname.modulename.testcases.LoginUserWithCorrectEmailAndPassword" name="@BeforeClass beforeTestCase" time="0.001">
    <skipped/>
  </testcase> <!-- @BeforeClass beforeTestCase -->
  <testcase classname="com.companyname.projectname.modulename.testbase.TestBase" name="@BeforeMethod launchBrowser" time="0.0">
    <skipped/>
  </testcase> <!-- @BeforeMethod launchBrowser -->
  <testcase classname="com.companyname.projectname.modulename.testbase.TestBase" name="@AfterMethod closeBrowser" time="0.0">
    <skipped/>
  </testcase> <!-- @AfterMethod closeBrowser -->
  <testcase classname="com.companyname.projectname.modulename.testcases.LoginUserWithIncorrectEmailAndPassword" name="@BeforeClass beforeTestCase" time="0.0">
    <skipped/>
  </testcase> <!-- @BeforeClass beforeTestCase -->
  <testcase classname="com.companyname.projectname.modulename.testbase.TestBase" name="@BeforeMethod launchBrowser" time="0.0">
    <skipped/>
  </testcase> <!-- @BeforeMethod launchBrowser -->
  <testcase classname="com.companyname.projectname.modulename.testbase.TestBase" name="@AfterMethod closeBrowser" time="0.0">
    <skipped/>
  </testcase> <!-- @AfterMethod closeBrowser -->
  <testcase classname="com.companyname.projectname.modulename.testcases.RegisterUser" name="registerUser" time="6.559"/>
  <testcase classname="com.companyname.projectname.modulename.testcases.RegisterUserWithPOMDP" name="registerUserWithPOM" time="6.871"/>
  <testcase classname="com.companyname.projectname.modulename.testcases.LoginUserWithCorrectEmailAndPassword" name="loginUserWithCorrectEmailAndPassword" time="0.0">
    <skipped/>
  </testcase> <!-- loginUserWithCorrectEmailAndPassword -->
  <testcase classname="com.companyname.projectname.modulename.testcases.LoginUserWithCorrectEmailAndPassword2" name="loginUserWithCorrectEmailAndPassword2" time="5.398"/>
  <testcase classname="com.companyname.projectname.modulename.testcases.LoginUserWithIncorrectEmailAndPassword" name="loginUserWithIncorrectEmailAndPassword" time="0.0">
    <skipped/>
  </testcase> <!-- loginUserWithIncorrectEmailAndPassword -->
  <testcase classname="com.companyname.projectname.modulename.testbase.TestBase" name="@BeforeSuite intialSetUp" time="0.0">
    <ignored/>
  </testcase> <!-- @BeforeSuite intialSetUp -->
  <testcase classname="com.companyname.projectname.modulename.testbase.TestBase" name="@BeforeSuite intialSetUp" time="0.0">
    <ignored/>
  </testcase> <!-- @BeforeSuite intialSetUp -->
  <testcase classname="com.companyname.projectname.modulename.testbase.TestBase" name="@BeforeSuite intialSetUp" time="0.0">
    <ignored/>
  </testcase> <!-- @BeforeSuite intialSetUp -->
  <testcase classname="com.companyname.projectname.modulename.testbase.TestBase" name="@BeforeSuite intialSetUp" time="0.0">
    <ignored/>
  </testcase> <!-- @BeforeSuite intialSetUp -->
</testsuite> <!-- Test -->
