<?xml version="1.0" encoding="UTF-8"?>
<testsuite xmlns:xsi="http://www.w3.org/2001/XMLSchema-instance" xsi:noNamespaceSchemaLocation="https://maven.apache.org/surefire/maven-surefire-plugin/xsd/surefire-test-report.xsd" version="3.0.2" name="TestSuite" time="65.081" tests="11" errors="0" skipped="8" failures="0">
  <properties>
[...]
</properties>
  <testcase name="registerUser[{Accnt_Page_Text=NA, Day=10, Password=Harshal_Password, Page_Title=Automation Exercise, Month=May, Last_Name=Harshal_LN, Test_Case_Name=RegisterUser, Mobile_No=9850123456, UserName=BYMAT, Page_Text=ENTER ACCOUNT INFORMATION, Sign_up_Text=New User Signup!, First_Name =NA, Year=1990, Company=NA, First_Name=Harshal, Address=NA, Email=training@bymatautomation.com, Last_name=NA, =}](1)" classname="com.companyname.projectname.modulename.testcases.RegisterUser" time="6.566">
    <system-out><![CDATA[Config file loaded
Test data file loaded
rows count: 6
HashTable Run Mode :- {LoginUserWithCorrectEmailAndPassword2=Yes, RegisterUser=Yes, RegisterUserWithPOMDP=Yes, LoginUserWithIncorrectEmailAndPassword=No, LoginUserWithCorrectEmailAndPassword=No}
rows count: 6
col count: 18
*****Test Data for Test Case: RegisterUser
{Accnt_Page_Text=NA, Day=10, Password=Harshal_Password, Page_Title=Automation Exercise, Month=May, Last_Name=Harshal_LN, Test_Case_Name=RegisterUser, Mobile_No=9850123456, UserName=BYMAT, Page_Text=ENTER ACCOUNT INFORMATION, Sign_up_Text=New User Signup!, First_Name =NA, Year=1990, Company=NA, First_Name=Harshal, Address=NA, Email=training@bymatautomation.com, Last_name=NA, =}
ChromeDriver() launched
]]></system-out>
    <system-err><![CDATA[SLF4J: Failed to load class "org.slf4j.impl.StaticLoggerBinder".
SLF4J: Defaulting to no-operation (NOP) logger implementation
SLF4J: See http://www.slf4j.org/codes.html#StaticLoggerBinder for further details.
Apr 09, 2025 8:31:13 PM org.openqa.selenium.devtools.CdpVersionFinder findNearestMatch
WARNING: Unable to find an exact match for CDP version 134, returning the closest version; found: 132; Please update to a Selenium version that supports CDP version 134
]]></system-err>
  </testcase>
  <testcase name="registerUserWithPOM[{Accnt_Page_Text=NA, Day=10, Password=Harshal_Password, Page_Title=Automation Exercise, Month=May, Last_Name=Harshal_LN, Test_Case_Name=RegisterUserWithPOMDP, Mobile_No=9850123456, UserName=BYMAT, Page_Text=ENTER ACCOUNT INFORMATION, Sign_up_Text=New User Signup!, First_Name =Automation, Year=1990, Company=BYMAT, First_Name=Harshal, Address=Pune, Email=training@bymatautomation.com, Last_name=BYMAT, =}](1)" classname="com.companyname.projectname.modulename.testcases.RegisterUserWithPOMDP" time="6.872">
    <system-out><![CDATA[rows count: 6
col count: 18
*****Test Data for Test Case: RegisterUserWithPOMDP
{Accnt_Page_Text=NA, Day=10, Password=Harshal_Password, Page_Title=Automation Exercise, Month=May, Last_Name=Harshal_LN, Test_Case_Name=RegisterUserWithPOMDP, Mobile_No=9850123456, UserName=BYMAT, Page_Text=ENTER ACCOUNT INFORMATION, Sign_up_Text=New User Signup!, First_Name =Automation, Year=1990, Company=BYMAT, First_Name=Harshal, Address=Pune, Email=training@bymatautomation.com, Last_name=BYMAT, =}
ChromeDriver() launched
]]></system-out>
    <system-err><![CDATA[Apr 09, 2025 8:31:33 PM org.openqa.selenium.devtools.CdpVersionFinder findNearestMatch
WARNING: Unable to find an exact match for CDP version 134, returning the closest version; found: 132; Please update to a Selenium version that supports CDP version 134
]]></system-err>
  </testcase>
  <testcase name="beforeTestCase" classname="com.companyname.projectname.modulename.testcases.LoginUserWithCorrectEmailAndPassword" time="0.0">
    <skipped message="Skipping Test case as it&apos;s RunMode is set to No"/>
  </testcase>
  <testcase name="launchBrowser" classname="com.companyname.projectname.modulename.testcases.LoginUserWithCorrectEmailAndPassword" time="0.0">
    <skipped/>
    <system-out><![CDATA[rows count: 6
col count: 18
*****Test Data for Test Case: LoginUserWithCorrectEmailAndPassword
{Accnt_Page_Text=Logged in as BYMAT_Automation, Day=NA, Password=password@2024, Page_Title=Automation Exercise, Month=Na, Last_Name=Ketul_LN, Test_Case_Name=LoginUserWithCorrectEmailAndPassword, Mobile_No=, UserName=Ketul_UsrName, Page_Text=ENTER ACCOUNT INFORMATION, Sign_up_Text=Login to your account, First_Name =NA, Year=NA, Company=NA, First_Name=Ketul, Address=NA, Email=bymatAutomation@gmail.com, Last_name=NA, =}
]]></system-out>
  </testcase>
  <testcase name="loginUserWithCorrectEmailAndPassword[{Accnt_Page_Text=Logged in as BYMAT_Automation, Day=NA, Password=password@2024, Page_Title=Automation Exercise, Month=Na, Last_Name=Ketul_LN, Test_Case_Name=LoginUserWithCorrectEmailAndPassword, Mobile_No=, UserName=Ketul_UsrName, Page_Text=ENTER ACCOUNT INFORMATION, Sign_up_Text=Login to your account, First_Name =NA, Year=NA, Company=NA, First_Name=Ketul, Address=NA, Email=bymatAutomation@gmail.com, Last_name=NA, =}](1)" classname="com.companyname.projectname.modulename.testcases.LoginUserWithCorrectEmailAndPassword" time="0.0">
    <skipped/>
  </testcase>
  <testcase name="closeBrowser" classname="com.companyname.projectname.modulename.testcases.LoginUserWithCorrectEmailAndPassword" time="0.0">
    <skipped/>
  </testcase>
  <testcase name="loginUserWithCorrectEmailAndPassword2[{Accnt_Page_Text=Logged in as BYMAT_Automation, Day=NA, Password=password@2024, Page_Title=Automation Exercise, Month=Na, Last_Name=Ketul_LN, Test_Case_Name=LoginUserWithCorrectEmailAndPassword2, Mobile_No=, UserName=Ketul_UsrName, Page_Text=ENTER ACCOUNT INFORMATION, Sign_up_Text=Login to your account, First_Name =NA, Year=NA, Company=NA, First_Name=Ketul, Address=NA, Email=bymatAutomation@gmail.com, Last_name=NA, =}](1)" classname="com.companyname.projectname.modulename.testcases.LoginUserWithCorrectEmailAndPassword2" time="5.398">
    <system-out><![CDATA[rows count: 6
col count: 18
*****Test Data for Test Case: LoginUserWithCorrectEmailAndPassword2
{Accnt_Page_Text=Logged in as BYMAT_Automation, Day=NA, Password=password@2024, Page_Title=Automation Exercise, Month=Na, Last_Name=Ketul_LN, Test_Case_Name=LoginUserWithCorrectEmailAndPassword2, Mobile_No=, UserName=Ketul_UsrName, Page_Text=ENTER ACCOUNT INFORMATION, Sign_up_Text=Login to your account, First_Name =NA, Year=NA, Company=NA, First_Name=Ketul, Address=NA, Email=bymatAutomation@gmail.com, Last_name=NA, =}
ChromeDriver() launched
]]></system-out>
    <system-err><![CDATA[Apr 09, 2025 8:31:52 PM org.openqa.selenium.devtools.CdpVersionFinder findNearestMatch
WARNING: Unable to find an exact match for CDP version 134, returning the closest version; found: 132; Please update to a Selenium version that supports CDP version 134
]]></system-err>
  </testcase>
  <testcase name="beforeTestCase" classname="com.companyname.projectname.modulename.testcases.LoginUserWithIncorrectEmailAndPassword" time="0.0">
    <skipped message="Skipping Test case as it&apos;s RunMode is set to No"/>
  </testcase>
  <testcase name="launchBrowser" classname="com.companyname.projectname.modulename.testcases.LoginUserWithIncorrectEmailAndPassword" time="0.0">
    <skipped/>
  </testcase>
  <testcase name="loginUserWithIncorrectEmailAndPassword" classname="com.companyname.projectname.modulename.testcases.LoginUserWithIncorrectEmailAndPassword" time="0.0">
    <skipped message="Skipping Test case as it&apos;s RunMode is set to No"/>
  </testcase>
  <testcase name="closeBrowser" classname="com.companyname.projectname.modulename.testcases.LoginUserWithIncorrectEmailAndPassword" time="0.0">
    <skipped/>
  </testcase>
</testsuite>